Terminals unused in grammar

   TDOT
   TCOMMENT
   TCOLON
   NEG


Grammar

    0 $accept: program $end

    1 program: stmts

    2 stmts: stmt
    3      | stmts stmt

    4 block: TLBRACE stmts TRBRACE

    5 ifblock: TIF TLPAREN expression TRPAREN block
    6        | TIF TLPAREN expression TRPAREN block elseblock
    7        | TIF TLPAREN expression TRPAREN block elifblocks elseblock
    8        | TIF TLPAREN expression TRPAREN block elifblocks

    9 elifblock: TELIF TLPAREN expression TRPAREN block

   10 elifblocks: elifblock
   11           | elifblocks elifblock

   12 elseblock: TELSE block

   13 loopblock: TLOOP TLPAREN expression TRPAREN block
   14          | TLOOP TLPAREN stmt stmt expression TRPAREN block

   15 arg: TIDENTIFIER

   16 arglist: arg
   17        | arglist TCOMMA arg

   18 call: expression

   19 calllist: call
   20         | calllist TCOMMA call

   21 funcdecl: TFUNC TLPAREN arglist TRPAREN block
   22         | TFUNC TLPAREN TRPAREN block

   23 stmt: expression TSEMI
   24     | loopblock
   25     | ifblock

   26 expression: TINTEGER
   27           | TFLOAT
   28           | TSTRING
   29           | TIDENTIFIER
   30           | expression TPLUS expression
   31           | expression TMINUS expression
   32           | expression TMUL expression
   33           | expression TDIV expression
   34           | expression TMOD expression
   35           | expression TPOW expression
   36           | expression TCEQ expression
   37           | expression TCNE expression
   38           | expression TCLT expression
   39           | expression TCLE expression
   40           | expression TCGT expression
   41           | expression TCGE expression
   42           | expression TOR expression
   43           | expression TAND expression
   44           | TLPAREN expression TRPAREN
   45           | TIDENTIFIER TEQUAL expression
   46           | expression TLPAREN calllist TRPAREN
   47           | expression TLPAREN TRPAREN
   48           | funcdecl
   49           | TPRT expression
   50           | TNOT expression


Terminals, with rules where they appear

$end (0) 0
error (256)
TIDENTIFIER (258) 15 29 45
TINTEGER (259) 26
TFLOAT (260) 27
TSTRING (261) 28
TCEQ (262) 36
TCNE (263) 37
TCLT (264) 38
TCLE (265) 39
TCGT (266) 40
TCGE (267) 41
TEQUAL (268) 45
TAND (269) 43
TOR (270) 42
TNOT (271) 50
TLPAREN (272) 5 6 7 8 9 13 14 21 22 44 46 47
TRPAREN (273) 5 6 7 8 9 13 14 21 22 44 46 47
TLBRACE (274) 4
TRBRACE (275) 4
TCOMMA (276) 17 20
TDOT (277)
TPLUS (278) 30
TMINUS (279) 31
TMUL (280) 32
TDIV (281) 33
TMOD (282) 34
TPOW (283) 35
TIF (284) 5 6 7 8
TELIF (285) 9
TELSE (286) 12
TPRT (287) 49
TCOMMENT (288)
TLOOP (289) 13 14
TCOLON (290)
TFUNC (291) 21 22
TSEMI (292) 23
NEG (293)


Nonterminals, with rules where they appear

$accept (39)
    on left: 0
program (40)
    on left: 1, on right: 0
stmts (41)
    on left: 2 3, on right: 1 3 4
block (42)
    on left: 4, on right: 5 6 7 8 9 12 13 14 21 22
ifblock (43)
    on left: 5 6 7 8, on right: 25
elifblock (44)
    on left: 9, on right: 10 11
elifblocks (45)
    on left: 10 11, on right: 7 8 11
elseblock (46)
    on left: 12, on right: 6 7
loopblock (47)
    on left: 13 14, on right: 24
arg (48)
    on left: 15, on right: 16 17
arglist (49)
    on left: 16 17, on right: 17 21
call (50)
    on left: 18, on right: 19 20
calllist (51)
    on left: 19 20, on right: 20 46
funcdecl (52)
    on left: 21 22, on right: 48
stmt (53)
    on left: 23 24 25, on right: 2 3 14
expression (54)
    on left: 26 27 28 29 30 31 32 33 34 35 36 37 38 39 40 41 42 43
    44 45 46 47 48 49 50, on right: 5 6 7 8 9 13 14 18 23 30 31 32
    33 34 35 36 37 38 39 40 41 42 43 44 45 46 47 49 50


State 0

    0 $accept: . program $end

    TIDENTIFIER  shift, and go to state 1
    TINTEGER     shift, and go to state 2
    TFLOAT       shift, and go to state 3
    TSTRING      shift, and go to state 4
    TNOT         shift, and go to state 5
    TLPAREN      shift, and go to state 6
    TIF          shift, and go to state 7
    TPRT         shift, and go to state 8
    TLOOP        shift, and go to state 9
    TFUNC        shift, and go to state 10

    program     go to state 11
    stmts       go to state 12
    ifblock     go to state 13
    loopblock   go to state 14
    funcdecl    go to state 15
    stmt        go to state 16
    expression  go to state 17


State 1

   29 expression: TIDENTIFIER .
   45           | TIDENTIFIER . TEQUAL expression

    TEQUAL  shift, and go to state 18

    $default  reduce using rule 29 (expression)


State 2

   26 expression: TINTEGER .

    $default  reduce using rule 26 (expression)


State 3

   27 expression: TFLOAT .

    $default  reduce using rule 27 (expression)


State 4

   28 expression: TSTRING .

    $default  reduce using rule 28 (expression)


State 5

   50 expression: TNOT . expression

    TIDENTIFIER  shift, and go to state 1
    TINTEGER     shift, and go to state 2
    TFLOAT       shift, and go to state 3
    TSTRING      shift, and go to state 4
    TNOT         shift, and go to state 5
    TLPAREN      shift, and go to state 6
    TPRT         shift, and go to state 8
    TFUNC        shift, and go to state 10

    funcdecl    go to state 15
    expression  go to state 19


State 6

   44 expression: TLPAREN . expression TRPAREN

    TIDENTIFIER  shift, and go to state 1
    TINTEGER     shift, and go to state 2
    TFLOAT       shift, and go to state 3
    TSTRING      shift, and go to state 4
    TNOT         shift, and go to state 5
    TLPAREN      shift, and go to state 6
    TPRT         shift, and go to state 8
    TFUNC        shift, and go to state 10

    funcdecl    go to state 15
    expression  go to state 20


State 7

    5 ifblock: TIF . TLPAREN expression TRPAREN block
    6        | TIF . TLPAREN expression TRPAREN block elseblock
    7        | TIF . TLPAREN expression TRPAREN block elifblocks elseblock
    8        | TIF . TLPAREN expression TRPAREN block elifblocks

    TLPAREN  shift, and go to state 21


State 8

   49 expression: TPRT . expression

    TIDENTIFIER  shift, and go to state 1
    TINTEGER     shift, and go to state 2
    TFLOAT       shift, and go to state 3
    TSTRING      shift, and go to state 4
    TNOT         shift, and go to state 5
    TLPAREN      shift, and go to state 6
    TPRT         shift, and go to state 8
    TFUNC        shift, and go to state 10

    funcdecl    go to state 15
    expression  go to state 22


State 9

   13 loopblock: TLOOP . TLPAREN expression TRPAREN block
   14          | TLOOP . TLPAREN stmt stmt expression TRPAREN block

    TLPAREN  shift, and go to state 23


State 10

   21 funcdecl: TFUNC . TLPAREN arglist TRPAREN block
   22         | TFUNC . TLPAREN TRPAREN block

    TLPAREN  shift, and go to state 24


State 11

    0 $accept: program . $end

    $end  shift, and go to state 25


State 12

    1 program: stmts .
    3 stmts: stmts . stmt

    TIDENTIFIER  shift, and go to state 1
    TINTEGER     shift, and go to state 2
    TFLOAT       shift, and go to state 3
    TSTRING      shift, and go to state 4
    TNOT         shift, and go to state 5
    TLPAREN      shift, and go to state 6
    TIF          shift, and go to state 7
    TPRT         shift, and go to state 8
    TLOOP        shift, and go to state 9
    TFUNC        shift, and go to state 10

    $default  reduce using rule 1 (program)

    ifblock     go to state 13
    loopblock   go to state 14
    funcdecl    go to state 15
    stmt        go to state 26
    expression  go to state 17


State 13

   25 stmt: ifblock .

    $default  reduce using rule 25 (stmt)


State 14

   24 stmt: loopblock .

    $default  reduce using rule 24 (stmt)


State 15

   48 expression: funcdecl .

    $default  reduce using rule 48 (expression)


State 16

    2 stmts: stmt .

    $default  reduce using rule 2 (stmts)


State 17

   23 stmt: expression . TSEMI
   30 expression: expression . TPLUS expression
   31           | expression . TMINUS expression
   32           | expression . TMUL expression
   33           | expression . TDIV expression
   34           | expression . TMOD expression
   35           | expression . TPOW expression
   36           | expression . TCEQ expression
   37           | expression . TCNE expression
   38           | expression . TCLT expression
   39           | expression . TCLE expression
   40           | expression . TCGT expression
   41           | expression . TCGE expression
   42           | expression . TOR expression
   43           | expression . TAND expression
   46           | expression . TLPAREN calllist TRPAREN
   47           | expression . TLPAREN TRPAREN

    TCEQ     shift, and go to state 27
    TCNE     shift, and go to state 28
    TCLT     shift, and go to state 29
    TCLE     shift, and go to state 30
    TCGT     shift, and go to state 31
    TCGE     shift, and go to state 32
    TAND     shift, and go to state 33
    TOR      shift, and go to state 34
    TLPAREN  shift, and go to state 35
    TPLUS    shift, and go to state 36
    TMINUS   shift, and go to state 37
    TMUL     shift, and go to state 38
    TDIV     shift, and go to state 39
    TMOD     shift, and go to state 40
    TPOW     shift, and go to state 41
    TSEMI    shift, and go to state 42


State 18

   45 expression: TIDENTIFIER TEQUAL . expression

    TIDENTIFIER  shift, and go to state 1
    TINTEGER     shift, and go to state 2
    TFLOAT       shift, and go to state 3
    TSTRING      shift, and go to state 4
    TNOT         shift, and go to state 5
    TLPAREN      shift, and go to state 6
    TPRT         shift, and go to state 8
    TFUNC        shift, and go to state 10

    funcdecl    go to state 15
    expression  go to state 43


State 19

   30 expression: expression . TPLUS expression
   31           | expression . TMINUS expression
   32           | expression . TMUL expression
   33           | expression . TDIV expression
   34           | expression . TMOD expression
   35           | expression . TPOW expression
   36           | expression . TCEQ expression
   37           | expression . TCNE expression
   38           | expression . TCLT expression
   39           | expression . TCLE expression
   40           | expression . TCGT expression
   41           | expression . TCGE expression
   42           | expression . TOR expression
   43           | expression . TAND expression
   46           | expression . TLPAREN calllist TRPAREN
   47           | expression . TLPAREN TRPAREN
   50           | TNOT expression .

    TLPAREN  shift, and go to state 35

    $default  reduce using rule 50 (expression)


State 20

   30 expression: expression . TPLUS expression
   31           | expression . TMINUS expression
   32           | expression . TMUL expression
   33           | expression . TDIV expression
   34           | expression . TMOD expression
   35           | expression . TPOW expression
   36           | expression . TCEQ expression
   37           | expression . TCNE expression
   38           | expression . TCLT expression
   39           | expression . TCLE expression
   40           | expression . TCGT expression
   41           | expression . TCGE expression
   42           | expression . TOR expression
   43           | expression . TAND expression
   44           | TLPAREN expression . TRPAREN
   46           | expression . TLPAREN calllist TRPAREN
   47           | expression . TLPAREN TRPAREN

    TCEQ     shift, and go to state 27
    TCNE     shift, and go to state 28
    TCLT     shift, and go to state 29
    TCLE     shift, and go to state 30
    TCGT     shift, and go to state 31
    TCGE     shift, and go to state 32
    TAND     shift, and go to state 33
    TOR      shift, and go to state 34
    TLPAREN  shift, and go to state 35
    TRPAREN  shift, and go to state 44
    TPLUS    shift, and go to state 36
    TMINUS   shift, and go to state 37
    TMUL     shift, and go to state 38
    TDIV     shift, and go to state 39
    TMOD     shift, and go to state 40
    TPOW     shift, and go to state 41


State 21

    5 ifblock: TIF TLPAREN . expression TRPAREN block
    6        | TIF TLPAREN . expression TRPAREN block elseblock
    7        | TIF TLPAREN . expression TRPAREN block elifblocks elseblock
    8        | TIF TLPAREN . expression TRPAREN block elifblocks

    TIDENTIFIER  shift, and go to state 1
    TINTEGER     shift, and go to state 2
    TFLOAT       shift, and go to state 3
    TSTRING      shift, and go to state 4
    TNOT         shift, and go to state 5
    TLPAREN      shift, and go to state 6
    TPRT         shift, and go to state 8
    TFUNC        shift, and go to state 10

    funcdecl    go to state 15
    expression  go to state 45


State 22

   30 expression: expression . TPLUS expression
   31           | expression . TMINUS expression
   32           | expression . TMUL expression
   33           | expression . TDIV expression
   34           | expression . TMOD expression
   35           | expression . TPOW expression
   36           | expression . TCEQ expression
   37           | expression . TCNE expression
   38           | expression . TCLT expression
   39           | expression . TCLE expression
   40           | expression . TCGT expression
   41           | expression . TCGE expression
   42           | expression . TOR expression
   43           | expression . TAND expression
   46           | expression . TLPAREN calllist TRPAREN
   47           | expression . TLPAREN TRPAREN
   49           | TPRT expression .

    TCEQ     shift, and go to state 27
    TCNE     shift, and go to state 28
    TCLT     shift, and go to state 29
    TCLE     shift, and go to state 30
    TCGT     shift, and go to state 31
    TCGE     shift, and go to state 32
    TAND     shift, and go to state 33
    TOR      shift, and go to state 34
    TLPAREN  shift, and go to state 35
    TPLUS    shift, and go to state 36
    TMINUS   shift, and go to state 37
    TMUL     shift, and go to state 38
    TDIV     shift, and go to state 39
    TMOD     shift, and go to state 40
    TPOW     shift, and go to state 41

    $default  reduce using rule 49 (expression)


State 23

   13 loopblock: TLOOP TLPAREN . expression TRPAREN block
   14          | TLOOP TLPAREN . stmt stmt expression TRPAREN block

    TIDENTIFIER  shift, and go to state 1
    TINTEGER     shift, and go to state 2
    TFLOAT       shift, and go to state 3
    TSTRING      shift, and go to state 4
    TNOT         shift, and go to state 5
    TLPAREN      shift, and go to state 6
    TIF          shift, and go to state 7
    TPRT         shift, and go to state 8
    TLOOP        shift, and go to state 9
    TFUNC        shift, and go to state 10

    ifblock     go to state 13
    loopblock   go to state 14
    funcdecl    go to state 15
    stmt        go to state 46
    expression  go to state 47


State 24

   21 funcdecl: TFUNC TLPAREN . arglist TRPAREN block
   22         | TFUNC TLPAREN . TRPAREN block

    TIDENTIFIER  shift, and go to state 48
    TRPAREN      shift, and go to state 49

    arg      go to state 50
    arglist  go to state 51


State 25

    0 $accept: program $end .

    $default  accept


State 26

    3 stmts: stmts stmt .

    $default  reduce using rule 3 (stmts)


State 27

   36 expression: expression TCEQ . expression

    TIDENTIFIER  shift, and go to state 1
    TINTEGER     shift, and go to state 2
    TFLOAT       shift, and go to state 3
    TSTRING      shift, and go to state 4
    TNOT         shift, and go to state 5
    TLPAREN      shift, and go to state 6
    TPRT         shift, and go to state 8
    TFUNC        shift, and go to state 10

    funcdecl    go to state 15
    expression  go to state 52


State 28

   37 expression: expression TCNE . expression

    TIDENTIFIER  shift, and go to state 1
    TINTEGER     shift, and go to state 2
    TFLOAT       shift, and go to state 3
    TSTRING      shift, and go to state 4
    TNOT         shift, and go to state 5
    TLPAREN      shift, and go to state 6
    TPRT         shift, and go to state 8
    TFUNC        shift, and go to state 10

    funcdecl    go to state 15
    expression  go to state 53


State 29

   38 expression: expression TCLT . expression

    TIDENTIFIER  shift, and go to state 1
    TINTEGER     shift, and go to state 2
    TFLOAT       shift, and go to state 3
    TSTRING      shift, and go to state 4
    TNOT         shift, and go to state 5
    TLPAREN      shift, and go to state 6
    TPRT         shift, and go to state 8
    TFUNC        shift, and go to state 10

    funcdecl    go to state 15
    expression  go to state 54


State 30

   39 expression: expression TCLE . expression

    TIDENTIFIER  shift, and go to state 1
    TINTEGER     shift, and go to state 2
    TFLOAT       shift, and go to state 3
    TSTRING      shift, and go to state 4
    TNOT         shift, and go to state 5
    TLPAREN      shift, and go to state 6
    TPRT         shift, and go to state 8
    TFUNC        shift, and go to state 10

    funcdecl    go to state 15
    expression  go to state 55


State 31

   40 expression: expression TCGT . expression

    TIDENTIFIER  shift, and go to state 1
    TINTEGER     shift, and go to state 2
    TFLOAT       shift, and go to state 3
    TSTRING      shift, and go to state 4
    TNOT         shift, and go to state 5
    TLPAREN      shift, and go to state 6
    TPRT         shift, and go to state 8
    TFUNC        shift, and go to state 10

    funcdecl    go to state 15
    expression  go to state 56


State 32

   41 expression: expression TCGE . expression

    TIDENTIFIER  shift, and go to state 1
    TINTEGER     shift, and go to state 2
    TFLOAT       shift, and go to state 3
    TSTRING      shift, and go to state 4
    TNOT         shift, and go to state 5
    TLPAREN      shift, and go to state 6
    TPRT         shift, and go to state 8
    TFUNC        shift, and go to state 10

    funcdecl    go to state 15
    expression  go to state 57


State 33

   43 expression: expression TAND . expression

    TIDENTIFIER  shift, and go to state 1
    TINTEGER     shift, and go to state 2
    TFLOAT       shift, and go to state 3
    TSTRING      shift, and go to state 4
    TNOT         shift, and go to state 5
    TLPAREN      shift, and go to state 6
    TPRT         shift, and go to state 8
    TFUNC        shift, and go to state 10

    funcdecl    go to state 15
    expression  go to state 58


State 34

   42 expression: expression TOR . expression

    TIDENTIFIER  shift, and go to state 1
    TINTEGER     shift, and go to state 2
    TFLOAT       shift, and go to state 3
    TSTRING      shift, and go to state 4
    TNOT         shift, and go to state 5
    TLPAREN      shift, and go to state 6
    TPRT         shift, and go to state 8
    TFUNC        shift, and go to state 10

    funcdecl    go to state 15
    expression  go to state 59


State 35

   46 expression: expression TLPAREN . calllist TRPAREN
   47           | expression TLPAREN . TRPAREN

    TIDENTIFIER  shift, and go to state 1
    TINTEGER     shift, and go to state 2
    TFLOAT       shift, and go to state 3
    TSTRING      shift, and go to state 4
    TNOT         shift, and go to state 5
    TLPAREN      shift, and go to state 6
    TRPAREN      shift, and go to state 60
    TPRT         shift, and go to state 8
    TFUNC        shift, and go to state 10

    call        go to state 61
    calllist    go to state 62
    funcdecl    go to state 15
    expression  go to state 63


State 36

   30 expression: expression TPLUS . expression

    TIDENTIFIER  shift, and go to state 1
    TINTEGER     shift, and go to state 2
    TFLOAT       shift, and go to state 3
    TSTRING      shift, and go to state 4
    TNOT         shift, and go to state 5
    TLPAREN      shift, and go to state 6
    TPRT         shift, and go to state 8
    TFUNC        shift, and go to state 10

    funcdecl    go to state 15
    expression  go to state 64


State 37

   31 expression: expression TMINUS . expression

    TIDENTIFIER  shift, and go to state 1
    TINTEGER     shift, and go to state 2
    TFLOAT       shift, and go to state 3
    TSTRING      shift, and go to state 4
    TNOT         shift, and go to state 5
    TLPAREN      shift, and go to state 6
    TPRT         shift, and go to state 8
    TFUNC        shift, and go to state 10

    funcdecl    go to state 15
    expression  go to state 65


State 38

   32 expression: expression TMUL . expression

    TIDENTIFIER  shift, and go to state 1
    TINTEGER     shift, and go to state 2
    TFLOAT       shift, and go to state 3
    TSTRING      shift, and go to state 4
    TNOT         shift, and go to state 5
    TLPAREN      shift, and go to state 6
    TPRT         shift, and go to state 8
    TFUNC        shift, and go to state 10

    funcdecl    go to state 15
    expression  go to state 66


State 39

   33 expression: expression TDIV . expression

    TIDENTIFIER  shift, and go to state 1
    TINTEGER     shift, and go to state 2
    TFLOAT       shift, and go to state 3
    TSTRING      shift, and go to state 4
    TNOT         shift, and go to state 5
    TLPAREN      shift, and go to state 6
    TPRT         shift, and go to state 8
    TFUNC        shift, and go to state 10

    funcdecl    go to state 15
    expression  go to state 67


State 40

   34 expression: expression TMOD . expression

    TIDENTIFIER  shift, and go to state 1
    TINTEGER     shift, and go to state 2
    TFLOAT       shift, and go to state 3
    TSTRING      shift, and go to state 4
    TNOT         shift, and go to state 5
    TLPAREN      shift, and go to state 6
    TPRT         shift, and go to state 8
    TFUNC        shift, and go to state 10

    funcdecl    go to state 15
    expression  go to state 68


State 41

   35 expression: expression TPOW . expression

    TIDENTIFIER  shift, and go to state 1
    TINTEGER     shift, and go to state 2
    TFLOAT       shift, and go to state 3
    TSTRING      shift, and go to state 4
    TNOT         shift, and go to state 5
    TLPAREN      shift, and go to state 6
    TPRT         shift, and go to state 8
    TFUNC        shift, and go to state 10

    funcdecl    go to state 15
    expression  go to state 69


State 42

   23 stmt: expression TSEMI .

    $default  reduce using rule 23 (stmt)


State 43

   30 expression: expression . TPLUS expression
   31           | expression . TMINUS expression
   32           | expression . TMUL expression
   33           | expression . TDIV expression
   34           | expression . TMOD expression
   35           | expression . TPOW expression
   36           | expression . TCEQ expression
   37           | expression . TCNE expression
   38           | expression . TCLT expression
   39           | expression . TCLE expression
   40           | expression . TCGT expression
   41           | expression . TCGE expression
   42           | expression . TOR expression
   43           | expression . TAND expression
   45           | TIDENTIFIER TEQUAL expression .
   46           | expression . TLPAREN calllist TRPAREN
   47           | expression . TLPAREN TRPAREN

    TCEQ     shift, and go to state 27
    TCNE     shift, and go to state 28
    TCLT     shift, and go to state 29
    TCLE     shift, and go to state 30
    TCGT     shift, and go to state 31
    TCGE     shift, and go to state 32
    TAND     shift, and go to state 33
    TOR      shift, and go to state 34
    TLPAREN  shift, and go to state 35
    TPLUS    shift, and go to state 36
    TMINUS   shift, and go to state 37
    TMUL     shift, and go to state 38
    TDIV     shift, and go to state 39
    TMOD     shift, and go to state 40
    TPOW     shift, and go to state 41

    $default  reduce using rule 45 (expression)


State 44

   44 expression: TLPAREN expression TRPAREN .

    $default  reduce using rule 44 (expression)


State 45

    5 ifblock: TIF TLPAREN expression . TRPAREN block
    6        | TIF TLPAREN expression . TRPAREN block elseblock
    7        | TIF TLPAREN expression . TRPAREN block elifblocks elseblock
    8        | TIF TLPAREN expression . TRPAREN block elifblocks
   30 expression: expression . TPLUS expression
   31           | expression . TMINUS expression
   32           | expression . TMUL expression
   33           | expression . TDIV expression
   34           | expression . TMOD expression
   35           | expression . TPOW expression
   36           | expression . TCEQ expression
   37           | expression . TCNE expression
   38           | expression . TCLT expression
   39           | expression . TCLE expression
   40           | expression . TCGT expression
   41           | expression . TCGE expression
   42           | expression . TOR expression
   43           | expression . TAND expression
   46           | expression . TLPAREN calllist TRPAREN
   47           | expression . TLPAREN TRPAREN

    TCEQ     shift, and go to state 27
    TCNE     shift, and go to state 28
    TCLT     shift, and go to state 29
    TCLE     shift, and go to state 30
    TCGT     shift, and go to state 31
    TCGE     shift, and go to state 32
    TAND     shift, and go to state 33
    TOR      shift, and go to state 34
    TLPAREN  shift, and go to state 35
    TRPAREN  shift, and go to state 70
    TPLUS    shift, and go to state 36
    TMINUS   shift, and go to state 37
    TMUL     shift, and go to state 38
    TDIV     shift, and go to state 39
    TMOD     shift, and go to state 40
    TPOW     shift, and go to state 41


State 46

   14 loopblock: TLOOP TLPAREN stmt . stmt expression TRPAREN block

    TIDENTIFIER  shift, and go to state 1
    TINTEGER     shift, and go to state 2
    TFLOAT       shift, and go to state 3
    TSTRING      shift, and go to state 4
    TNOT         shift, and go to state 5
    TLPAREN      shift, and go to state 6
    TIF          shift, and go to state 7
    TPRT         shift, and go to state 8
    TLOOP        shift, and go to state 9
    TFUNC        shift, and go to state 10

    ifblock     go to state 13
    loopblock   go to state 14
    funcdecl    go to state 15
    stmt        go to state 71
    expression  go to state 17


State 47

   13 loopblock: TLOOP TLPAREN expression . TRPAREN block
   23 stmt: expression . TSEMI
   30 expression: expression . TPLUS expression
   31           | expression . TMINUS expression
   32           | expression . TMUL expression
   33           | expression . TDIV expression
   34           | expression . TMOD expression
   35           | expression . TPOW expression
   36           | expression . TCEQ expression
   37           | expression . TCNE expression
   38           | expression . TCLT expression
   39           | expression . TCLE expression
   40           | expression . TCGT expression
   41           | expression . TCGE expression
   42           | expression . TOR expression
   43           | expression . TAND expression
   46           | expression . TLPAREN calllist TRPAREN
   47           | expression . TLPAREN TRPAREN

    TCEQ     shift, and go to state 27
    TCNE     shift, and go to state 28
    TCLT     shift, and go to state 29
    TCLE     shift, and go to state 30
    TCGT     shift, and go to state 31
    TCGE     shift, and go to state 32
    TAND     shift, and go to state 33
    TOR      shift, and go to state 34
    TLPAREN  shift, and go to state 35
    TRPAREN  shift, and go to state 72
    TPLUS    shift, and go to state 36
    TMINUS   shift, and go to state 37
    TMUL     shift, and go to state 38
    TDIV     shift, and go to state 39
    TMOD     shift, and go to state 40
    TPOW     shift, and go to state 41
    TSEMI    shift, and go to state 42


State 48

   15 arg: TIDENTIFIER .

    $default  reduce using rule 15 (arg)


State 49

   22 funcdecl: TFUNC TLPAREN TRPAREN . block

    TLBRACE  shift, and go to state 73

    block  go to state 74


State 50

   16 arglist: arg .

    $default  reduce using rule 16 (arglist)


State 51

   17 arglist: arglist . TCOMMA arg
   21 funcdecl: TFUNC TLPAREN arglist . TRPAREN block

    TRPAREN  shift, and go to state 75
    TCOMMA   shift, and go to state 76


State 52

   30 expression: expression . TPLUS expression
   31           | expression . TMINUS expression
   32           | expression . TMUL expression
   33           | expression . TDIV expression
   34           | expression . TMOD expression
   35           | expression . TPOW expression
   36           | expression . TCEQ expression
   36           | expression TCEQ expression .
   37           | expression . TCNE expression
   38           | expression . TCLT expression
   39           | expression . TCLE expression
   40           | expression . TCGT expression
   41           | expression . TCGE expression
   42           | expression . TOR expression
   43           | expression . TAND expression
   46           | expression . TLPAREN calllist TRPAREN
   47           | expression . TLPAREN TRPAREN

    TLPAREN  shift, and go to state 35
    TPLUS    shift, and go to state 36
    TMINUS   shift, and go to state 37
    TMUL     shift, and go to state 38
    TDIV     shift, and go to state 39
    TMOD     shift, and go to state 40
    TPOW     shift, and go to state 41

    TCEQ  error (nonassociative)
    TCNE  error (nonassociative)
    TCLT  error (nonassociative)
    TCLE  error (nonassociative)
    TCGT  error (nonassociative)
    TCGE  error (nonassociative)

    $default  reduce using rule 36 (expression)


State 53

   30 expression: expression . TPLUS expression
   31           | expression . TMINUS expression
   32           | expression . TMUL expression
   33           | expression . TDIV expression
   34           | expression . TMOD expression
   35           | expression . TPOW expression
   36           | expression . TCEQ expression
   37           | expression . TCNE expression
   37           | expression TCNE expression .
   38           | expression . TCLT expression
   39           | expression . TCLE expression
   40           | expression . TCGT expression
   41           | expression . TCGE expression
   42           | expression . TOR expression
   43           | expression . TAND expression
   46           | expression . TLPAREN calllist TRPAREN
   47           | expression . TLPAREN TRPAREN

    TLPAREN  shift, and go to state 35
    TPLUS    shift, and go to state 36
    TMINUS   shift, and go to state 37
    TMUL     shift, and go to state 38
    TDIV     shift, and go to state 39
    TMOD     shift, and go to state 40
    TPOW     shift, and go to state 41

    TCEQ  error (nonassociative)
    TCNE  error (nonassociative)
    TCLT  error (nonassociative)
    TCLE  error (nonassociative)
    TCGT  error (nonassociative)
    TCGE  error (nonassociative)

    $default  reduce using rule 37 (expression)


State 54

   30 expression: expression . TPLUS expression
   31           | expression . TMINUS expression
   32           | expression . TMUL expression
   33           | expression . TDIV expression
   34           | expression . TMOD expression
   35           | expression . TPOW expression
   36           | expression . TCEQ expression
   37           | expression . TCNE expression
   38           | expression . TCLT expression
   38           | expression TCLT expression .
   39           | expression . TCLE expression
   40           | expression . TCGT expression
   41           | expression . TCGE expression
   42           | expression . TOR expression
   43           | expression . TAND expression
   46           | expression . TLPAREN calllist TRPAREN
   47           | expression . TLPAREN TRPAREN

    TLPAREN  shift, and go to state 35
    TPLUS    shift, and go to state 36
    TMINUS   shift, and go to state 37
    TMUL     shift, and go to state 38
    TDIV     shift, and go to state 39
    TMOD     shift, and go to state 40
    TPOW     shift, and go to state 41

    TCEQ  error (nonassociative)
    TCNE  error (nonassociative)
    TCLT  error (nonassociative)
    TCLE  error (nonassociative)
    TCGT  error (nonassociative)
    TCGE  error (nonassociative)

    $default  reduce using rule 38 (expression)


State 55

   30 expression: expression . TPLUS expression
   31           | expression . TMINUS expression
   32           | expression . TMUL expression
   33           | expression . TDIV expression
   34           | expression . TMOD expression
   35           | expression . TPOW expression
   36           | expression . TCEQ expression
   37           | expression . TCNE expression
   38           | expression . TCLT expression
   39           | expression . TCLE expression
   39           | expression TCLE expression .
   40           | expression . TCGT expression
   41           | expression . TCGE expression
   42           | expression . TOR expression
   43           | expression . TAND expression
   46           | expression . TLPAREN calllist TRPAREN
   47           | expression . TLPAREN TRPAREN

    TLPAREN  shift, and go to state 35
    TPLUS    shift, and go to state 36
    TMINUS   shift, and go to state 37
    TMUL     shift, and go to state 38
    TDIV     shift, and go to state 39
    TMOD     shift, and go to state 40
    TPOW     shift, and go to state 41

    TCEQ  error (nonassociative)
    TCNE  error (nonassociative)
    TCLT  error (nonassociative)
    TCLE  error (nonassociative)
    TCGT  error (nonassociative)
    TCGE  error (nonassociative)

    $default  reduce using rule 39 (expression)


State 56

   30 expression: expression . TPLUS expression
   31           | expression . TMINUS expression
   32           | expression . TMUL expression
   33           | expression . TDIV expression
   34           | expression . TMOD expression
   35           | expression . TPOW expression
   36           | expression . TCEQ expression
   37           | expression . TCNE expression
   38           | expression . TCLT expression
   39           | expression . TCLE expression
   40           | expression . TCGT expression
   40           | expression TCGT expression .
   41           | expression . TCGE expression
   42           | expression . TOR expression
   43           | expression . TAND expression
   46           | expression . TLPAREN calllist TRPAREN
   47           | expression . TLPAREN TRPAREN

    TLPAREN  shift, and go to state 35
    TPLUS    shift, and go to state 36
    TMINUS   shift, and go to state 37
    TMUL     shift, and go to state 38
    TDIV     shift, and go to state 39
    TMOD     shift, and go to state 40
    TPOW     shift, and go to state 41

    TCEQ  error (nonassociative)
    TCNE  error (nonassociative)
    TCLT  error (nonassociative)
    TCLE  error (nonassociative)
    TCGT  error (nonassociative)
    TCGE  error (nonassociative)

    $default  reduce using rule 40 (expression)


State 57

   30 expression: expression . TPLUS expression
   31           | expression . TMINUS expression
   32           | expression . TMUL expression
   33           | expression . TDIV expression
   34           | expression . TMOD expression
   35           | expression . TPOW expression
   36           | expression . TCEQ expression
   37           | expression . TCNE expression
   38           | expression . TCLT expression
   39           | expression . TCLE expression
   40           | expression . TCGT expression
   41           | expression . TCGE expression
   41           | expression TCGE expression .
   42           | expression . TOR expression
   43           | expression . TAND expression
   46           | expression . TLPAREN calllist TRPAREN
   47           | expression . TLPAREN TRPAREN

    TLPAREN  shift, and go to state 35
    TPLUS    shift, and go to state 36
    TMINUS   shift, and go to state 37
    TMUL     shift, and go to state 38
    TDIV     shift, and go to state 39
    TMOD     shift, and go to state 40
    TPOW     shift, and go to state 41

    TCEQ  error (nonassociative)
    TCNE  error (nonassociative)
    TCLT  error (nonassociative)
    TCLE  error (nonassociative)
    TCGT  error (nonassociative)
    TCGE  error (nonassociative)

    $default  reduce using rule 41 (expression)


State 58

   30 expression: expression . TPLUS expression
   31           | expression . TMINUS expression
   32           | expression . TMUL expression
   33           | expression . TDIV expression
   34           | expression . TMOD expression
   35           | expression . TPOW expression
   36           | expression . TCEQ expression
   37           | expression . TCNE expression
   38           | expression . TCLT expression
   39           | expression . TCLE expression
   40           | expression . TCGT expression
   41           | expression . TCGE expression
   42           | expression . TOR expression
   43           | expression . TAND expression
   43           | expression TAND expression .
   46           | expression . TLPAREN calllist TRPAREN
   47           | expression . TLPAREN TRPAREN

    TCEQ     shift, and go to state 27
    TCNE     shift, and go to state 28
    TCLT     shift, and go to state 29
    TCLE     shift, and go to state 30
    TCGT     shift, and go to state 31
    TCGE     shift, and go to state 32
    TLPAREN  shift, and go to state 35
    TPLUS    shift, and go to state 36
    TMINUS   shift, and go to state 37
    TMUL     shift, and go to state 38
    TDIV     shift, and go to state 39
    TMOD     shift, and go to state 40
    TPOW     shift, and go to state 41

    $default  reduce using rule 43 (expression)


State 59

   30 expression: expression . TPLUS expression
   31           | expression . TMINUS expression
   32           | expression . TMUL expression
   33           | expression . TDIV expression
   34           | expression . TMOD expression
   35           | expression . TPOW expression
   36           | expression . TCEQ expression
   37           | expression . TCNE expression
   38           | expression . TCLT expression
   39           | expression . TCLE expression
   40           | expression . TCGT expression
   41           | expression . TCGE expression
   42           | expression . TOR expression
   42           | expression TOR expression .
   43           | expression . TAND expression
   46           | expression . TLPAREN calllist TRPAREN
   47           | expression . TLPAREN TRPAREN

    TCEQ     shift, and go to state 27
    TCNE     shift, and go to state 28
    TCLT     shift, and go to state 29
    TCLE     shift, and go to state 30
    TCGT     shift, and go to state 31
    TCGE     shift, and go to state 32
    TAND     shift, and go to state 33
    TLPAREN  shift, and go to state 35
    TPLUS    shift, and go to state 36
    TMINUS   shift, and go to state 37
    TMUL     shift, and go to state 38
    TDIV     shift, and go to state 39
    TMOD     shift, and go to state 40
    TPOW     shift, and go to state 41

    $default  reduce using rule 42 (expression)


State 60

   47 expression: expression TLPAREN TRPAREN .

    $default  reduce using rule 47 (expression)


State 61

   19 calllist: call .

    $default  reduce using rule 19 (calllist)


State 62

   20 calllist: calllist . TCOMMA call
   46 expression: expression TLPAREN calllist . TRPAREN

    TRPAREN  shift, and go to state 77
    TCOMMA   shift, and go to state 78


State 63

   18 call: expression .
   30 expression: expression . TPLUS expression
   31           | expression . TMINUS expression
   32           | expression . TMUL expression
   33           | expression . TDIV expression
   34           | expression . TMOD expression
   35           | expression . TPOW expression
   36           | expression . TCEQ expression
   37           | expression . TCNE expression
   38           | expression . TCLT expression
   39           | expression . TCLE expression
   40           | expression . TCGT expression
   41           | expression . TCGE expression
   42           | expression . TOR expression
   43           | expression . TAND expression
   46           | expression . TLPAREN calllist TRPAREN
   47           | expression . TLPAREN TRPAREN

    TCEQ     shift, and go to state 27
    TCNE     shift, and go to state 28
    TCLT     shift, and go to state 29
    TCLE     shift, and go to state 30
    TCGT     shift, and go to state 31
    TCGE     shift, and go to state 32
    TAND     shift, and go to state 33
    TOR      shift, and go to state 34
    TLPAREN  shift, and go to state 35
    TPLUS    shift, and go to state 36
    TMINUS   shift, and go to state 37
    TMUL     shift, and go to state 38
    TDIV     shift, and go to state 39
    TMOD     shift, and go to state 40
    TPOW     shift, and go to state 41

    $default  reduce using rule 18 (call)


State 64

   30 expression: expression . TPLUS expression
   30           | expression TPLUS expression .
   31           | expression . TMINUS expression
   32           | expression . TMUL expression
   33           | expression . TDIV expression
   34           | expression . TMOD expression
   35           | expression . TPOW expression
   36           | expression . TCEQ expression
   37           | expression . TCNE expression
   38           | expression . TCLT expression
   39           | expression . TCLE expression
   40           | expression . TCGT expression
   41           | expression . TCGE expression
   42           | expression . TOR expression
   43           | expression . TAND expression
   46           | expression . TLPAREN calllist TRPAREN
   47           | expression . TLPAREN TRPAREN

    TLPAREN  shift, and go to state 35
    TMUL     shift, and go to state 38
    TDIV     shift, and go to state 39
    TMOD     shift, and go to state 40
    TPOW     shift, and go to state 41

    $default  reduce using rule 30 (expression)


State 65

   30 expression: expression . TPLUS expression
   31           | expression . TMINUS expression
   31           | expression TMINUS expression .
   32           | expression . TMUL expression
   33           | expression . TDIV expression
   34           | expression . TMOD expression
   35           | expression . TPOW expression
   36           | expression . TCEQ expression
   37           | expression . TCNE expression
   38           | expression . TCLT expression
   39           | expression . TCLE expression
   40           | expression . TCGT expression
   41           | expression . TCGE expression
   42           | expression . TOR expression
   43           | expression . TAND expression
   46           | expression . TLPAREN calllist TRPAREN
   47           | expression . TLPAREN TRPAREN

    TLPAREN  shift, and go to state 35
    TMUL     shift, and go to state 38
    TDIV     shift, and go to state 39
    TMOD     shift, and go to state 40
    TPOW     shift, and go to state 41

    $default  reduce using rule 31 (expression)


State 66

   30 expression: expression . TPLUS expression
   31           | expression . TMINUS expression
   32           | expression . TMUL expression
   32           | expression TMUL expression .
   33           | expression . TDIV expression
   34           | expression . TMOD expression
   35           | expression . TPOW expression
   36           | expression . TCEQ expression
   37           | expression . TCNE expression
   38           | expression . TCLT expression
   39           | expression . TCLE expression
   40           | expression . TCGT expression
   41           | expression . TCGE expression
   42           | expression . TOR expression
   43           | expression . TAND expression
   46           | expression . TLPAREN calllist TRPAREN
   47           | expression . TLPAREN TRPAREN

    TLPAREN  shift, and go to state 35
    TPOW     shift, and go to state 41

    $default  reduce using rule 32 (expression)


State 67

   30 expression: expression . TPLUS expression
   31           | expression . TMINUS expression
   32           | expression . TMUL expression
   33           | expression . TDIV expression
   33           | expression TDIV expression .
   34           | expression . TMOD expression
   35           | expression . TPOW expression
   36           | expression . TCEQ expression
   37           | expression . TCNE expression
   38           | expression . TCLT expression
   39           | expression . TCLE expression
   40           | expression . TCGT expression
   41           | expression . TCGE expression
   42           | expression . TOR expression
   43           | expression . TAND expression
   46           | expression . TLPAREN calllist TRPAREN
   47           | expression . TLPAREN TRPAREN

    TLPAREN  shift, and go to state 35
    TPOW     shift, and go to state 41

    $default  reduce using rule 33 (expression)


State 68

   30 expression: expression . TPLUS expression
   31           | expression . TMINUS expression
   32           | expression . TMUL expression
   33           | expression . TDIV expression
   34           | expression . TMOD expression
   34           | expression TMOD expression .
   35           | expression . TPOW expression
   36           | expression . TCEQ expression
   37           | expression . TCNE expression
   38           | expression . TCLT expression
   39           | expression . TCLE expression
   40           | expression . TCGT expression
   41           | expression . TCGE expression
   42           | expression . TOR expression
   43           | expression . TAND expression
   46           | expression . TLPAREN calllist TRPAREN
   47           | expression . TLPAREN TRPAREN

    TLPAREN  shift, and go to state 35
    TPOW     shift, and go to state 41

    $default  reduce using rule 34 (expression)


State 69

   30 expression: expression . TPLUS expression
   31           | expression . TMINUS expression
   32           | expression . TMUL expression
   33           | expression . TDIV expression
   34           | expression . TMOD expression
   35           | expression . TPOW expression
   35           | expression TPOW expression .
   36           | expression . TCEQ expression
   37           | expression . TCNE expression
   38           | expression . TCLT expression
   39           | expression . TCLE expression
   40           | expression . TCGT expression
   41           | expression . TCGE expression
   42           | expression . TOR expression
   43           | expression . TAND expression
   46           | expression . TLPAREN calllist TRPAREN
   47           | expression . TLPAREN TRPAREN

    TLPAREN  shift, and go to state 35
    TPOW     shift, and go to state 41

    $default  reduce using rule 35 (expression)


State 70

    5 ifblock: TIF TLPAREN expression TRPAREN . block
    6        | TIF TLPAREN expression TRPAREN . block elseblock
    7        | TIF TLPAREN expression TRPAREN . block elifblocks elseblock
    8        | TIF TLPAREN expression TRPAREN . block elifblocks

    TLBRACE  shift, and go to state 73

    block  go to state 79


State 71

   14 loopblock: TLOOP TLPAREN stmt stmt . expression TRPAREN block

    TIDENTIFIER  shift, and go to state 1
    TINTEGER     shift, and go to state 2
    TFLOAT       shift, and go to state 3
    TSTRING      shift, and go to state 4
    TNOT         shift, and go to state 5
    TLPAREN      shift, and go to state 6
    TPRT         shift, and go to state 8
    TFUNC        shift, and go to state 10

    funcdecl    go to state 15
    expression  go to state 80


State 72

   13 loopblock: TLOOP TLPAREN expression TRPAREN . block

    TLBRACE  shift, and go to state 73

    block  go to state 81


State 73

    4 block: TLBRACE . stmts TRBRACE

    TIDENTIFIER  shift, and go to state 1
    TINTEGER     shift, and go to state 2
    TFLOAT       shift, and go to state 3
    TSTRING      shift, and go to state 4
    TNOT         shift, and go to state 5
    TLPAREN      shift, and go to state 6
    TIF          shift, and go to state 7
    TPRT         shift, and go to state 8
    TLOOP        shift, and go to state 9
    TFUNC        shift, and go to state 10

    stmts       go to state 82
    ifblock     go to state 13
    loopblock   go to state 14
    funcdecl    go to state 15
    stmt        go to state 16
    expression  go to state 17


State 74

   22 funcdecl: TFUNC TLPAREN TRPAREN block .

    $default  reduce using rule 22 (funcdecl)


State 75

   21 funcdecl: TFUNC TLPAREN arglist TRPAREN . block

    TLBRACE  shift, and go to state 73

    block  go to state 83


State 76

   17 arglist: arglist TCOMMA . arg

    TIDENTIFIER  shift, and go to state 48

    arg  go to state 84


State 77

   46 expression: expression TLPAREN calllist TRPAREN .

    $default  reduce using rule 46 (expression)


State 78

   20 calllist: calllist TCOMMA . call

    TIDENTIFIER  shift, and go to state 1
    TINTEGER     shift, and go to state 2
    TFLOAT       shift, and go to state 3
    TSTRING      shift, and go to state 4
    TNOT         shift, and go to state 5
    TLPAREN      shift, and go to state 6
    TPRT         shift, and go to state 8
    TFUNC        shift, and go to state 10

    call        go to state 85
    funcdecl    go to state 15
    expression  go to state 63


State 79

    5 ifblock: TIF TLPAREN expression TRPAREN block .
    6        | TIF TLPAREN expression TRPAREN block . elseblock
    7        | TIF TLPAREN expression TRPAREN block . elifblocks elseblock
    8        | TIF TLPAREN expression TRPAREN block . elifblocks

    TELIF  shift, and go to state 86
    TELSE  shift, and go to state 87

    $default  reduce using rule 5 (ifblock)

    elifblock   go to state 88
    elifblocks  go to state 89
    elseblock   go to state 90


State 80

   14 loopblock: TLOOP TLPAREN stmt stmt expression . TRPAREN block
   30 expression: expression . TPLUS expression
   31           | expression . TMINUS expression
   32           | expression . TMUL expression
   33           | expression . TDIV expression
   34           | expression . TMOD expression
   35           | expression . TPOW expression
   36           | expression . TCEQ expression
   37           | expression . TCNE expression
   38           | expression . TCLT expression
   39           | expression . TCLE expression
   40           | expression . TCGT expression
   41           | expression . TCGE expression
   42           | expression . TOR expression
   43           | expression . TAND expression
   46           | expression . TLPAREN calllist TRPAREN
   47           | expression . TLPAREN TRPAREN

    TCEQ     shift, and go to state 27
    TCNE     shift, and go to state 28
    TCLT     shift, and go to state 29
    TCLE     shift, and go to state 30
    TCGT     shift, and go to state 31
    TCGE     shift, and go to state 32
    TAND     shift, and go to state 33
    TOR      shift, and go to state 34
    TLPAREN  shift, and go to state 35
    TRPAREN  shift, and go to state 91
    TPLUS    shift, and go to state 36
    TMINUS   shift, and go to state 37
    TMUL     shift, and go to state 38
    TDIV     shift, and go to state 39
    TMOD     shift, and go to state 40
    TPOW     shift, and go to state 41


State 81

   13 loopblock: TLOOP TLPAREN expression TRPAREN block .

    $default  reduce using rule 13 (loopblock)


State 82

    3 stmts: stmts . stmt
    4 block: TLBRACE stmts . TRBRACE

    TIDENTIFIER  shift, and go to state 1
    TINTEGER     shift, and go to state 2
    TFLOAT       shift, and go to state 3
    TSTRING      shift, and go to state 4
    TNOT         shift, and go to state 5
    TLPAREN      shift, and go to state 6
    TRBRACE      shift, and go to state 92
    TIF          shift, and go to state 7
    TPRT         shift, and go to state 8
    TLOOP        shift, and go to state 9
    TFUNC        shift, and go to state 10

    ifblock     go to state 13
    loopblock   go to state 14
    funcdecl    go to state 15
    stmt        go to state 26
    expression  go to state 17


State 83

   21 funcdecl: TFUNC TLPAREN arglist TRPAREN block .

    $default  reduce using rule 21 (funcdecl)


State 84

   17 arglist: arglist TCOMMA arg .

    $default  reduce using rule 17 (arglist)


State 85

   20 calllist: calllist TCOMMA call .

    $default  reduce using rule 20 (calllist)


State 86

    9 elifblock: TELIF . TLPAREN expression TRPAREN block

    TLPAREN  shift, and go to state 93


State 87

   12 elseblock: TELSE . block

    TLBRACE  shift, and go to state 73

    block  go to state 94


State 88

   10 elifblocks: elifblock .

    $default  reduce using rule 10 (elifblocks)


State 89

    7 ifblock: TIF TLPAREN expression TRPAREN block elifblocks . elseblock
    8        | TIF TLPAREN expression TRPAREN block elifblocks .
   11 elifblocks: elifblocks . elifblock

    TELIF  shift, and go to state 86
    TELSE  shift, and go to state 87

    $default  reduce using rule 8 (ifblock)

    elifblock  go to state 95
    elseblock  go to state 96


State 90

    6 ifblock: TIF TLPAREN expression TRPAREN block elseblock .

    $default  reduce using rule 6 (ifblock)


State 91

   14 loopblock: TLOOP TLPAREN stmt stmt expression TRPAREN . block

    TLBRACE  shift, and go to state 73

    block  go to state 97


State 92

    4 block: TLBRACE stmts TRBRACE .

    $default  reduce using rule 4 (block)


State 93

    9 elifblock: TELIF TLPAREN . expression TRPAREN block

    TIDENTIFIER  shift, and go to state 1
    TINTEGER     shift, and go to state 2
    TFLOAT       shift, and go to state 3
    TSTRING      shift, and go to state 4
    TNOT         shift, and go to state 5
    TLPAREN      shift, and go to state 6
    TPRT         shift, and go to state 8
    TFUNC        shift, and go to state 10

    funcdecl    go to state 15
    expression  go to state 98


State 94

   12 elseblock: TELSE block .

    $default  reduce using rule 12 (elseblock)


State 95

   11 elifblocks: elifblocks elifblock .

    $default  reduce using rule 11 (elifblocks)


State 96

    7 ifblock: TIF TLPAREN expression TRPAREN block elifblocks elseblock .

    $default  reduce using rule 7 (ifblock)


State 97

   14 loopblock: TLOOP TLPAREN stmt stmt expression TRPAREN block .

    $default  reduce using rule 14 (loopblock)


State 98

    9 elifblock: TELIF TLPAREN expression . TRPAREN block
   30 expression: expression . TPLUS expression
   31           | expression . TMINUS expression
   32           | expression . TMUL expression
   33           | expression . TDIV expression
   34           | expression . TMOD expression
   35           | expression . TPOW expression
   36           | expression . TCEQ expression
   37           | expression . TCNE expression
   38           | expression . TCLT expression
   39           | expression . TCLE expression
   40           | expression . TCGT expression
   41           | expression . TCGE expression
   42           | expression . TOR expression
   43           | expression . TAND expression
   46           | expression . TLPAREN calllist TRPAREN
   47           | expression . TLPAREN TRPAREN

    TCEQ     shift, and go to state 27
    TCNE     shift, and go to state 28
    TCLT     shift, and go to state 29
    TCLE     shift, and go to state 30
    TCGT     shift, and go to state 31
    TCGE     shift, and go to state 32
    TAND     shift, and go to state 33
    TOR      shift, and go to state 34
    TLPAREN  shift, and go to state 35
    TRPAREN  shift, and go to state 99
    TPLUS    shift, and go to state 36
    TMINUS   shift, and go to state 37
    TMUL     shift, and go to state 38
    TDIV     shift, and go to state 39
    TMOD     shift, and go to state 40
    TPOW     shift, and go to state 41


State 99

    9 elifblock: TELIF TLPAREN expression TRPAREN . block

    TLBRACE  shift, and go to state 73

    block  go to state 100


State 100

    9 elifblock: TELIF TLPAREN expression TRPAREN block .

    $default  reduce using rule 9 (elifblock)
